[0.104s] Invoking command in '/home/reconfigure/devel_ws/build/my_bot': CMAKE_PREFIX_PATH=${CMAKE_PREFIX_PATH}:/opt/ros/humble /usr/bin/cmake --build /home/reconfigure/devel_ws/build/my_bot -- -j16 -l16
[0.147s] Invoked command in '/home/reconfigure/devel_ws/build/my_bot' returned '0': CMAKE_PREFIX_PATH=${CMAKE_PREFIX_PATH}:/opt/ros/humble /usr/bin/cmake --build /home/reconfigure/devel_ws/build/my_bot -- -j16 -l16
[0.182s] Invoking command in '/home/reconfigure/devel_ws/build/my_bot': CMAKE_PREFIX_PATH=${CMAKE_PREFIX_PATH}:/opt/ros/humble /usr/bin/cmake --install /home/reconfigure/devel_ws/build/my_bot
[0.194s] -- Install configuration: ""
[0.195s] -- Execute custom install script
[0.195s] -- Up-to-date symlink: /home/reconfigure/devel_ws/install/my_bot/share/my_bot/config/empty.yaml
[0.196s] -- Up-to-date symlink: /home/reconfigure/devel_ws/install/my_bot/share/my_bot/description/robot.urdf.xacro
[0.196s] -- Up-to-date symlink: /home/reconfigure/devel_ws/install/my_bot/share/my_bot/description/robot_core.xacro
[0.196s] -- Up-to-date symlink: /home/reconfigure/devel_ws/install/my_bot/share/my_bot/launch/rsp.launch.py
[0.197s] -- Up-to-date symlink: /home/reconfigure/devel_ws/install/my_bot/share/my_bot/worlds/empty.world
[0.197s] -- Up-to-date symlink: /home/reconfigure/devel_ws/install/my_bot/share/ament_index/resource_index/package_run_dependencies/my_bot
[0.197s] -- Up-to-date symlink: /home/reconfigure/devel_ws/install/my_bot/share/ament_index/resource_index/parent_prefix_path/my_bot
[0.197s] -- Up-to-date symlink: /home/reconfigure/devel_ws/install/my_bot/share/my_bot/environment/ament_prefix_path.sh
[0.197s] -- Up-to-date symlink: /home/reconfigure/devel_ws/install/my_bot/share/my_bot/environment/ament_prefix_path.dsv
[0.198s] -- Up-to-date symlink: /home/reconfigure/devel_ws/install/my_bot/share/my_bot/environment/path.sh
[0.198s] -- Up-to-date symlink: /home/reconfigure/devel_ws/install/my_bot/share/my_bot/environment/path.dsv
[0.198s] -- Up-to-date symlink: /home/reconfigure/devel_ws/install/my_bot/share/my_bot/local_setup.bash
[0.199s] -- Up-to-date symlink: /home/reconfigure/devel_ws/install/my_bot/share/my_bot/local_setup.sh
[0.199s] -- Up-to-date symlink: /home/reconfigure/devel_ws/install/my_bot/share/my_bot/local_setup.zsh
[0.199s] -- Up-to-date symlink: /home/reconfigure/devel_ws/install/my_bot/share/my_bot/local_setup.dsv
[0.199s] -- Symlinking: /home/reconfigure/devel_ws/install/my_bot/share/my_bot/package.dsv
[0.210s] -- Up-to-date symlink: /home/reconfigure/devel_ws/install/my_bot/share/ament_index/resource_index/packages/my_bot
[0.210s] -- Up-to-date symlink: /home/reconfigure/devel_ws/install/my_bot/share/my_bot/cmake/my_botConfig.cmake
[0.210s] -- Up-to-date symlink: /home/reconfigure/devel_ws/install/my_bot/share/my_bot/cmake/my_botConfig-version.cmake
[0.210s] -- Up-to-date symlink: /home/reconfigure/devel_ws/install/my_bot/share/my_bot/package.xml
[0.214s] Invoked command in '/home/reconfigure/devel_ws/build/my_bot' returned '0': CMAKE_PREFIX_PATH=${CMAKE_PREFIX_PATH}:/opt/ros/humble /usr/bin/cmake --install /home/reconfigure/devel_ws/build/my_bot
